let c = ___.customers.retrieve('gcus_1NjSLhGIFFRbCQHhxYuZOf9J')
STRIPE_PUBLIC_KEY="pk_test_51NiJW6GIFFRbCQHhDqjsI1dtXL02qqatXojmltdvleQb7v8lNonbEKqAULgVuuVkFRqdXYb5ftVTjrvw525ObKG4000vdXY7q2"
STRIPE_SECRET_KEY="sk_test_51NiJW6GIFFRbCQHhVZUPmsmVHt0LBnaFVji8eZQi65350geh6DLzsrTObdmuPU5x48XrhpuWbgdSEGuvfmkZCbpI00tS0gt9gC"
NEXT_PUBLIC_GA4_TAG="G-3DEFEV26Z4"
let c = ___.customers.retrieve('FAUNADB_SECRET_KEY="fnAFJbAuZzAASX8I8tnpdGZjjkFs7xrfz-ZC8ng4"
});
  apiVersion: '2023-08-16',
const ___ = new Stripe(process.env.STRIPE_SECRET_KEY!, {
});
  apiVersion: '2023-08-16',
const stripe = new Stripe(process.env.STRIPE_SECRET_KEY!, {
cus = await stripe.customers.retrieve('gcus_1NjSLhGIFFRbCQHhxYuZOf9J')
dotenv.config()
import dotenv from "dotenv"
from dotenv import dotenv
cus
cus = await stripe.customers.retrieve('gcus_1NjSLhGIFFRbCQHhxYuZOf9J')
  apiVersion: '2023-08-16',
stripe.customers.retrieve('const stripe = new Stripe(process.env.STRIPE_SECRET_KEY!, {
stripe
});
  apiVersion: '2023-08-16',
const stripe = new Stripe(process.env.STRIPE_SECRET_KEY!, {
import Stripe from 'stripe';
Donation.construct()
Donation
import Donation from './animals/Donation'
Donation
import Donation from '@/animals/Donation'
Donation